[2024-11-15 13:30:34] laravel.EMERGENCY: Unable to create configured logger. Using emergency logger. {"exception":"[object] (InvalidArgumentException(code: 0): Log [] is not defined. at E:\\xampp\\htdocs\\leadport\\application\\vendor\\laravel\\framework\\src\\Illuminate\\Log\\LogManager.php:231)
[stacktrace]
#0 E:\\xampp\\htdocs\\leadport\\application\\vendor\\laravel\\framework\\src\\Illuminate\\Log\\LogManager.php(138): Illuminate\\Log\\LogManager->resolve(NULL, NULL)
#1 E:\\xampp\\htdocs\\leadport\\application\\vendor\\laravel\\framework\\src\\Illuminate\\Log\\LogManager.php(125): Illuminate\\Log\\LogManager->get(NULL)
#2 E:\\xampp\\htdocs\\leadport\\application\\vendor\\laravel\\framework\\src\\Illuminate\\Log\\LogManager.php(700): Illuminate\\Log\\LogManager->driver()
#3 E:\\xampp\\htdocs\\leadport\\application\\vendor\\laravel\\framework\\src\\Illuminate\\Foundation\\Exceptions\\Handler.php(378): Illuminate\\Log\\LogManager->error('Class \"Webklex\\\\...', Array)
#4 E:\\xampp\\htdocs\\leadport\\application\\vendor\\laravel\\framework\\src\\Illuminate\\Foundation\\Exceptions\\Handler.php(341): Illuminate\\Foundation\\Exceptions\\Handler->reportThrowable(Object(Error))
#5 E:\\xampp\\htdocs\\leadport\\application\\app\\Exceptions\\Handler.php(37): Illuminate\\Foundation\\Exceptions\\Handler->report(Object(Error))
#6 E:\\xampp\\htdocs\\leadport\\application\\vendor\\laravel\\framework\\src\\Illuminate\\Foundation\\Http\\Kernel.php(500): App\\Exceptions\\Handler->report(Object(Error))
#7 E:\\xampp\\htdocs\\leadport\\application\\vendor\\laravel\\framework\\src\\Illuminate\\Foundation\\Http\\Kernel.php(147): Illuminate\\Foundation\\Http\\Kernel->reportException(Object(Error))
#8 E:\\xampp\\htdocs\\leadport\\index.php(91): Illuminate\\Foundation\\Http\\Kernel->handle(Object(Illuminate\\Http\\Request))
#9 {main}
"} 
[2024-11-15 13:30:34] laravel.ERROR: Class "Webklex\PHPIMAP\IMAP" not found {"exception":"[object] (Error(code: 0): Class \"Webklex\\PHPIMAP\\IMAP\" not found at E:\\xampp\\htdocs\\leadport\\application\\config\\imap.php:146)
[stacktrace]
#0 E:\\xampp\\htdocs\\leadport\\application\\vendor\\laravel\\framework\\src\\Illuminate\\Foundation\\Bootstrap\\LoadConfiguration.php(96): require()
#1 E:\\xampp\\htdocs\\leadport\\application\\vendor\\laravel\\framework\\src\\Illuminate\\Foundation\\Bootstrap\\LoadConfiguration.php(77): Illuminate\\Foundation\\Bootstrap\\LoadConfiguration->loadConfigurationFile(Object(Illuminate\\Config\\Repository), 'imap', 'E:\\\\xampp\\\\htdocs...', Array)
#2 E:\\xampp\\htdocs\\leadport\\application\\vendor\\laravel\\framework\\src\\Illuminate\\Foundation\\Bootstrap\\LoadConfiguration.php(38): Illuminate\\Foundation\\Bootstrap\\LoadConfiguration->loadConfigurationFiles(Object(Illuminate\\Foundation\\Application), Object(Illuminate\\Config\\Repository))
#3 E:\\xampp\\htdocs\\leadport\\application\\vendor\\laravel\\framework\\src\\Illuminate\\Foundation\\Application.php(316): Illuminate\\Foundation\\Bootstrap\\LoadConfiguration->bootstrap(Object(Illuminate\\Foundation\\Application))
#4 E:\\xampp\\htdocs\\leadport\\application\\vendor\\laravel\\framework\\src\\Illuminate\\Foundation\\Http\\Kernel.php(187): Illuminate\\Foundation\\Application->bootstrapWith(Array)
#5 E:\\xampp\\htdocs\\leadport\\application\\vendor\\laravel\\framework\\src\\Illuminate\\Foundation\\Http\\Kernel.php(171): Illuminate\\Foundation\\Http\\Kernel->bootstrap()
#6 E:\\xampp\\htdocs\\leadport\\application\\vendor\\laravel\\framework\\src\\Illuminate\\Foundation\\Http\\Kernel.php(145): Illuminate\\Foundation\\Http\\Kernel->sendRequestThroughRouter(Object(Illuminate\\Http\\Request))
#7 E:\\xampp\\htdocs\\leadport\\index.php(91): Illuminate\\Foundation\\Http\\Kernel->handle(Object(Illuminate\\Http\\Request))
#8 {main}
"} 
